2026-01-21T19:50:11.934Z [INFO] [Lingo.dev] 📥 Received: POST /translations/fr
2026-01-21T19:50:11.937Z [INFO] [Lingo.dev] 🔄 Processing: POST /translations/fr
2026-01-21T19:50:11.940Z [DEBUG] [Lingo.dev] POST /translations/fr
2026-01-21T19:50:11.941Z [DEBUG] [Lingo.dev] Reading request body...
2026-01-21T19:50:11.941Z [DEBUG] [Lingo.dev] Chunk read, body: {"hashes":["1ae47ab62d46","6d014235ee6f","c2e7302936f4"]}
2026-01-21T19:50:11.941Z [DEBUG] [Lingo.dev] Parsed hashes: 1ae47ab62d46,6d014235ee6f,c2e7302936f4
2026-01-21T19:50:11.942Z [DEBUG] [Lingo.dev] Reloaded metadata: 7 entries
2026-01-21T19:50:11.947Z [INFO] [Lingo.dev] 🔄 Translating 3 hashes to fr
2026-01-21T19:50:11.948Z [DEBUG] [Lingo.dev] 🔄 Hashes: 1ae47ab62d46, 6d014235ee6f, c2e7302936f4
2026-01-21T19:50:11.949Z [DEBUG] [Lingo.dev] [BUSY] Server is now busy (1 active)
2026-01-21T19:50:12.035Z [INFO] [Lingo.dev] 📥 Received: POST /translations/fr
2026-01-21T19:50:12.036Z [INFO] [Lingo.dev] 🔄 Processing: POST /translations/fr
2026-01-21T19:50:12.037Z [DEBUG] [Lingo.dev] POST /translations/fr
2026-01-21T19:50:12.037Z [DEBUG] [Lingo.dev] Reading request body...
2026-01-21T19:50:12.038Z [DEBUG] [Lingo.dev] Chunk read, body: {"hashes":["1ae47ab62d46","6d014235ee6f","c2e7302936f4"]}
2026-01-21T19:50:12.038Z [DEBUG] [Lingo.dev] Parsed hashes: 1ae47ab62d46,6d014235ee6f,c2e7302936f4
2026-01-21T19:50:12.039Z [DEBUG] [Lingo.dev] Reloaded metadata: 7 entries
2026-01-21T19:50:12.039Z [INFO] [Lingo.dev] 🔄 Translating 3 hashes to fr
2026-01-21T19:50:12.039Z [DEBUG] [Lingo.dev] 🔄 Hashes: 1ae47ab62d46, 6d014235ee6f, c2e7302936f4
2026-01-21T19:50:12.543Z [DEBUG] [Lingo.dev] [IDLE] Server is now idle
2026-01-21T19:50:12.609Z [DEBUG] [Lingo.dev] WebSocket client connected. Total clients: 1
2026-01-21T19:50:13.076Z [INFO] [Lingo.dev] 📥 Received: OPTIONS /translations/fr
2026-01-21T19:50:13.077Z [INFO] [Lingo.dev] 🔄 Processing: OPTIONS /translations/fr
2026-01-21T19:50:13.078Z [DEBUG] [Lingo.dev] OPTIONS /translations/fr
2026-01-21T19:50:13.080Z [INFO] [Lingo.dev] 📥 Received: POST /translations/fr
2026-01-21T19:50:13.080Z [INFO] [Lingo.dev] 🔄 Processing: POST /translations/fr
2026-01-21T19:50:13.080Z [DEBUG] [Lingo.dev] POST /translations/fr
2026-01-21T19:50:13.081Z [DEBUG] [Lingo.dev] Reading request body...
2026-01-21T19:50:13.081Z [DEBUG] [Lingo.dev] Chunk read, body: {"hashes":["af0ce7dac903","cc05bd6af03a","7da2b32c8860","99f027ebfab6"]}
2026-01-21T19:50:13.082Z [DEBUG] [Lingo.dev] Parsed hashes: af0ce7dac903,cc05bd6af03a,7da2b32c8860,99f027ebfab6
2026-01-21T19:50:13.082Z [DEBUG] [Lingo.dev] Reloaded metadata: 7 entries
2026-01-21T19:50:13.082Z [INFO] [Lingo.dev] 🔄 Translating 4 hashes to fr
2026-01-21T19:50:13.082Z [DEBUG] [Lingo.dev] 🔄 Hashes: af0ce7dac903, cc05bd6af03a, 7da2b32c8860, 99f027ebfab6
2026-01-21T19:50:13.083Z [DEBUG] [Lingo.dev] [BUSY] Server is now busy (1 active)
2026-01-21T19:50:13.585Z [DEBUG] [Lingo.dev] [IDLE] Server is now idle
2026-01-21T19:51:05.519Z [INFO] [Lingo.dev] Port 60000 is in use, checking if it's a translation server...
2026-01-21T19:51:05.522Z [INFO] [Lingo.dev] 📥 Received: GET /health
2026-01-21T19:51:05.523Z [INFO] [Lingo.dev] 🔄 Processing: GET /health
2026-01-21T19:51:05.523Z [DEBUG] [Lingo.dev] GET /health
2026-01-21T19:51:05.525Z [WARN] [Lingo.dev] Existing server has different config (hash: f21bbd153f55 vs 43fc1e0953e5), will start new server
2026-01-21T19:51:06.024Z [INFO] [Lingo.dev] Port 60000 is in use by another service, finding alternative...
2026-01-21T19:51:06.028Z [INFO] [Lingo.dev] 🔧 Initializing translator...
2026-01-21T19:51:06.034Z [DEBUG] [Lingo.dev] Starting translation server on port 60001
2026-01-21T19:51:06.035Z [INFO] [Lingo.dev] Translation server listening on http://127.0.0.1:60001
2026-01-21T19:51:06.035Z [INFO] [Lingo.dev] WebSocket server initialized
2026-01-21T19:51:06.667Z [INFO] [Lingo.dev] Port 60000 is in use, checking if it's a translation server...
2026-01-21T19:51:06.668Z [INFO] [Lingo.dev] 📥 Received: GET /health
2026-01-21T19:51:06.668Z [INFO] [Lingo.dev] 🔄 Processing: GET /health
2026-01-21T19:51:06.669Z [DEBUG] [Lingo.dev] GET /health
2026-01-21T19:51:06.672Z [WARN] [Lingo.dev] Existing server has different config (hash: f21bbd153f55 vs 43fc1e0953e5), will start new server
2026-01-21T19:51:06.673Z [INFO] [Lingo.dev] Port 60000 is in use by another service, finding alternative...
2026-01-21T19:51:06.674Z [INFO] [Lingo.dev] 🔧 Initializing translator...
2026-01-21T19:51:06.674Z [DEBUG] [Lingo.dev] Starting translation server on port 60002
2026-01-21T19:51:06.674Z [INFO] [Lingo.dev] Translation server listening on http://127.0.0.1:60002
2026-01-21T19:51:06.675Z [INFO] [Lingo.dev] WebSocket server initialized
2026-01-21T19:51:16.889Z [INFO] [Lingo.dev] 📥 Received: POST /translations/ar
2026-01-21T19:51:16.929Z [INFO] [Lingo.dev] 🔄 Processing: POST /translations/ar
2026-01-21T19:51:16.940Z [DEBUG] [Lingo.dev] POST /translations/ar
2026-01-21T19:51:16.993Z [DEBUG] [Lingo.dev] Reading request body...
2026-01-21T19:51:17.006Z [DEBUG] [Lingo.dev] Chunk read, body: {"hashes":["1ae47ab62d46","6d014235ee6f","c2e7302936f4"]}
2026-01-21T19:51:17.011Z [DEBUG] [Lingo.dev] WebSocket client disconnected. Total clients: 0
2026-01-21T19:51:17.017Z [DEBUG] [Lingo.dev] Parsed hashes: 1ae47ab62d46,6d014235ee6f,c2e7302936f4
2026-01-21T19:51:17.018Z [DEBUG] [Lingo.dev] Reloaded metadata: 7 entries
2026-01-21T19:51:17.020Z [INFO] [Lingo.dev] 🔄 Translating 3 hashes to ar
2026-01-21T19:51:17.021Z [DEBUG] [Lingo.dev] 🔄 Hashes: 1ae47ab62d46, 6d014235ee6f, c2e7302936f4
2026-01-21T19:51:17.022Z [DEBUG] [Lingo.dev] [BUSY] Server is now busy (1 active)
2026-01-21T19:51:17.027Z [INFO] [Lingo.dev] 📥 Received: POST /translations/ar
2026-01-21T19:51:17.028Z [INFO] [Lingo.dev] 🔄 Processing: POST /translations/ar
2026-01-21T19:51:17.031Z [DEBUG] [Lingo.dev] POST /translations/ar
2026-01-21T19:51:17.032Z [DEBUG] [Lingo.dev] Reading request body...
2026-01-21T19:51:17.038Z [DEBUG] [Lingo.dev] Chunk read, body: {"hashes":["1ae47ab62d46","6d014235ee6f","c2e7302936f4"]}
2026-01-21T19:51:17.046Z [DEBUG] [Lingo.dev] Parsed hashes: 1ae47ab62d46,6d014235ee6f,c2e7302936f4
2026-01-21T19:51:17.056Z [DEBUG] [Lingo.dev] Reloaded metadata: 7 entries
2026-01-21T19:51:17.063Z [INFO] [Lingo.dev] 🔄 Translating 3 hashes to ar
2026-01-21T19:51:17.070Z [DEBUG] [Lingo.dev] 🔄 Hashes: 1ae47ab62d46, 6d014235ee6f, c2e7302936f4
2026-01-21T19:51:17.250Z [DEBUG] [Lingo.dev] WebSocket client connected. Total clients: 1
2026-01-21T19:51:17.420Z [INFO] [Lingo.dev] 📥 Received: OPTIONS /translations/ar
2026-01-21T19:51:17.422Z [INFO] [Lingo.dev] 🔄 Processing: OPTIONS /translations/ar
2026-01-21T19:51:17.425Z [DEBUG] [Lingo.dev] OPTIONS /translations/ar
2026-01-21T19:51:17.426Z [INFO] [Lingo.dev] 📥 Received: POST /translations/ar
2026-01-21T19:51:17.427Z [INFO] [Lingo.dev] 🔄 Processing: POST /translations/ar
2026-01-21T19:51:17.428Z [DEBUG] [Lingo.dev] POST /translations/ar
2026-01-21T19:51:17.429Z [DEBUG] [Lingo.dev] Reading request body...
2026-01-21T19:51:17.429Z [DEBUG] [Lingo.dev] Chunk read, body: {"hashes":["af0ce7dac903","cc05bd6af03a","7da2b32c8860","99f027ebfab6"]}
2026-01-21T19:51:17.430Z [DEBUG] [Lingo.dev] Parsed hashes: af0ce7dac903,cc05bd6af03a,7da2b32c8860,99f027ebfab6
2026-01-21T19:51:17.431Z [DEBUG] [Lingo.dev] Reloaded metadata: 7 entries
2026-01-21T19:51:17.432Z [INFO] [Lingo.dev] 🔄 Translating 4 hashes to ar
2026-01-21T19:51:17.432Z [DEBUG] [Lingo.dev] 🔄 Hashes: af0ce7dac903, cc05bd6af03a, 7da2b32c8860, 99f027ebfab6
2026-01-21T19:51:17.940Z [DEBUG] [Lingo.dev] [IDLE] Server is now idle
2026-01-21T19:52:31.345Z [INFO] [Lingo.dev] Port 60000 is in use, checking if it's a translation server...
2026-01-21T19:52:31.348Z [INFO] [Lingo.dev] 📥 Received: GET /health
2026-01-21T19:52:31.349Z [INFO] [Lingo.dev] 🔄 Processing: GET /health
2026-01-21T19:52:31.350Z [DEBUG] [Lingo.dev] GET /health
2026-01-21T19:52:31.351Z [WARN] [Lingo.dev] Existing server has different config (hash: f21bbd153f55 vs 43fc1e0953e5), will start new server
2026-01-21T19:52:31.827Z [INFO] [Lingo.dev] Port 60000 is in use by another service, finding alternative...
2026-01-21T19:52:31.831Z [INFO] [Lingo.dev] 🔧 Initializing translator...
2026-01-21T19:52:31.837Z [DEBUG] [Lingo.dev] Starting translation server on port 60001
2026-01-21T19:52:31.837Z [INFO] [Lingo.dev] Translation server listening on http://127.0.0.1:60001
2026-01-21T19:52:31.837Z [INFO] [Lingo.dev] WebSocket server initialized
2026-01-21T19:52:31.838Z [DEBUG] [Lingo.dev] WebSocket client connected. Total clients: 1
2026-01-21T19:55:47.082Z [INFO] [Lingo.dev] Port 60000 is available, starting new server...
2026-01-21T19:55:47.120Z [INFO] [Lingo.dev] 🔧 Initializing translator...
2026-01-21T19:55:47.120Z [DEBUG] [Lingo.dev] Starting translation server on port 60000
2026-01-21T19:55:47.121Z [INFO] [Lingo.dev] Translation server listening on http://127.0.0.1:60000
2026-01-21T19:55:47.122Z [INFO] [Lingo.dev] WebSocket server initialized
2026-01-21T19:55:49.191Z [INFO] [Lingo.dev] Port 60000 is in use, checking if it's a translation server...
2026-01-21T19:55:49.197Z [INFO] [Lingo.dev] 📥 Received: GET /health
2026-01-21T19:55:49.198Z [INFO] [Lingo.dev] 🔄 Processing: GET /health
2026-01-21T19:55:49.198Z [DEBUG] [Lingo.dev] GET /health
2026-01-21T19:55:49.200Z [INFO] [Lingo.dev] ✅ Found existing translation server at http://127.0.0.1:60000, reusing it
2026-01-21T19:55:50.337Z [INFO] [Lingo.dev] 📥 Received: GET /health
2026-01-21T19:55:50.337Z [INFO] [Lingo.dev] Port 60000 is in use, checking if it's a translation server...
2026-01-21T19:55:50.338Z [INFO] [Lingo.dev] 🔄 Processing: GET /health
2026-01-21T19:55:50.338Z [DEBUG] [Lingo.dev] GET /health
2026-01-21T19:55:50.341Z [INFO] [Lingo.dev] ✅ Found existing translation server at http://127.0.0.1:60000, reusing it
2026-01-21T19:56:08.036Z [INFO] [Lingo.dev] 📥 Received: POST /translations/fr
2026-01-21T19:56:08.040Z [INFO] [Lingo.dev] 🔄 Processing: POST /translations/fr
2026-01-21T19:56:08.044Z [DEBUG] [Lingo.dev] POST /translations/fr
2026-01-21T19:56:08.044Z [DEBUG] [Lingo.dev] Reading request body...
2026-01-21T19:56:08.045Z [DEBUG] [Lingo.dev] Chunk read, body: {"hashes":["1ae47ab62d46","6d014235ee6f","c2e7302936f4"]}
2026-01-21T19:56:08.045Z [DEBUG] [Lingo.dev] Parsed hashes: 1ae47ab62d46,6d014235ee6f,c2e7302936f4
2026-01-21T19:56:08.045Z [DEBUG] [Lingo.dev] Reloaded metadata: 7 entries
2026-01-21T19:56:08.046Z [INFO] [Lingo.dev] 🔄 Translating 3 hashes to fr
2026-01-21T19:56:08.046Z [DEBUG] [Lingo.dev] 🔄 Hashes: 1ae47ab62d46, 6d014235ee6f, c2e7302936f4
2026-01-21T19:56:08.047Z [DEBUG] [Lingo.dev] [BUSY] Server is now busy (1 active)
2026-01-21T19:56:08.126Z [INFO] [Lingo.dev] 📥 Received: POST /translations/fr
2026-01-21T19:56:08.127Z [INFO] [Lingo.dev] 🔄 Processing: POST /translations/fr
2026-01-21T19:56:08.128Z [DEBUG] [Lingo.dev] POST /translations/fr
2026-01-21T19:56:08.129Z [DEBUG] [Lingo.dev] Reading request body...
2026-01-21T19:56:08.129Z [DEBUG] [Lingo.dev] Chunk read, body: {"hashes":["1ae47ab62d46","6d014235ee6f","c2e7302936f4"]}
2026-01-21T19:56:08.130Z [DEBUG] [Lingo.dev] Parsed hashes: 1ae47ab62d46,6d014235ee6f,c2e7302936f4
2026-01-21T19:56:08.130Z [DEBUG] [Lingo.dev] Reloaded metadata: 7 entries
2026-01-21T19:56:08.130Z [INFO] [Lingo.dev] 🔄 Translating 3 hashes to fr
2026-01-21T19:56:08.131Z [DEBUG] [Lingo.dev] 🔄 Hashes: 1ae47ab62d46, 6d014235ee6f, c2e7302936f4
2026-01-21T19:56:08.633Z [DEBUG] [Lingo.dev] [IDLE] Server is now idle
2026-01-21T19:56:08.875Z [DEBUG] [Lingo.dev] WebSocket client connected. Total clients: 1
2026-01-21T19:56:09.014Z [INFO] [Lingo.dev] 📥 Received: OPTIONS /translations/fr
2026-01-21T19:56:09.016Z [INFO] [Lingo.dev] 🔄 Processing: OPTIONS /translations/fr
2026-01-21T19:56:09.018Z [DEBUG] [Lingo.dev] OPTIONS /translations/fr
2026-01-21T19:56:09.021Z [INFO] [Lingo.dev] 📥 Received: POST /translations/fr
2026-01-21T19:56:09.021Z [INFO] [Lingo.dev] 🔄 Processing: POST /translations/fr
2026-01-21T19:56:09.022Z [DEBUG] [Lingo.dev] POST /translations/fr
2026-01-21T19:56:09.023Z [DEBUG] [Lingo.dev] Reading request body...
2026-01-21T19:56:09.023Z [DEBUG] [Lingo.dev] Chunk read, body: {"hashes":["af0ce7dac903","cc05bd6af03a","7da2b32c8860","99f027ebfab6"]}
2026-01-21T19:56:09.024Z [DEBUG] [Lingo.dev] Parsed hashes: af0ce7dac903,cc05bd6af03a,7da2b32c8860,99f027ebfab6
2026-01-21T19:56:09.024Z [DEBUG] [Lingo.dev] Reloaded metadata: 7 entries
2026-01-21T19:56:09.025Z [INFO] [Lingo.dev] 🔄 Translating 4 hashes to fr
2026-01-21T19:56:09.025Z [DEBUG] [Lingo.dev] 🔄 Hashes: af0ce7dac903, cc05bd6af03a, 7da2b32c8860, 99f027ebfab6
2026-01-21T19:56:09.025Z [DEBUG] [Lingo.dev] [BUSY] Server is now busy (1 active)
2026-01-21T19:56:09.533Z [DEBUG] [Lingo.dev] [IDLE] Server is now idle
2026-01-21T19:57:52.284Z [INFO] [Lingo.dev] Port 60000 is in use, checking if it's a translation server...
2026-01-21T19:57:52.288Z [INFO] [Lingo.dev] 📥 Received: GET /health
2026-01-21T19:57:52.288Z [INFO] [Lingo.dev] 🔄 Processing: GET /health
2026-01-21T19:57:52.288Z [DEBUG] [Lingo.dev] GET /health
2026-01-21T19:57:52.290Z [WARN] [Lingo.dev] Existing server has different config (hash: 43fc1e0953e5 vs 3f79f55b39df), will start new server
2026-01-21T19:57:52.765Z [INFO] [Lingo.dev] Port 60000 is in use by another service, finding alternative...
2026-01-21T19:57:52.769Z [INFO] [Lingo.dev] 🔧 Initializing translator...
2026-01-21T19:57:52.775Z [DEBUG] [Lingo.dev] Starting translation server on port 60001
2026-01-21T19:57:52.775Z [INFO] [Lingo.dev] Translation server listening on http://127.0.0.1:60001
2026-01-21T19:57:52.776Z [INFO] [Lingo.dev] WebSocket server initialized
2026-01-21T19:57:53.399Z [INFO] [Lingo.dev] 📥 Received: GET /health
2026-01-21T19:57:53.398Z [INFO] [Lingo.dev] Port 60000 is in use, checking if it's a translation server...
2026-01-21T19:57:53.400Z [INFO] [Lingo.dev] 🔄 Processing: GET /health
2026-01-21T19:57:53.400Z [DEBUG] [Lingo.dev] GET /health
2026-01-21T19:57:53.405Z [WARN] [Lingo.dev] Existing server has different config (hash: 43fc1e0953e5 vs 3f79f55b39df), will start new server
2026-01-21T19:57:53.405Z [INFO] [Lingo.dev] Port 60000 is in use by another service, finding alternative...
2026-01-21T19:57:53.406Z [INFO] [Lingo.dev] 🔧 Initializing translator...
2026-01-21T19:57:53.406Z [DEBUG] [Lingo.dev] Starting translation server on port 60002
2026-01-21T19:57:53.406Z [INFO] [Lingo.dev] Translation server listening on http://127.0.0.1:60002
2026-01-21T19:57:53.407Z [INFO] [Lingo.dev] WebSocket server initialized
2026-01-21T20:01:27.263Z [INFO] [Lingo.dev] Port 60000 is in use, checking if it's a translation server...
2026-01-21T20:01:27.267Z [INFO] [Lingo.dev] 📥 Received: GET /health
2026-01-21T20:01:27.267Z [INFO] [Lingo.dev] 🔄 Processing: GET /health
2026-01-21T20:01:27.268Z [DEBUG] [Lingo.dev] GET /health
2026-01-21T20:01:27.270Z [WARN] [Lingo.dev] Existing server has different config (hash: 43fc1e0953e5 vs 3f79f55b39df), will start new server
2026-01-21T20:01:27.306Z [INFO] [Lingo.dev] Port 60000 is in use by another service, finding alternative...
2026-01-21T20:01:27.307Z [INFO] [Lingo.dev] 🔧 Initializing translator...
2026-01-21T20:01:27.308Z [DEBUG] [Lingo.dev] Starting translation server on port 60003
2026-01-21T20:01:27.309Z [INFO] [Lingo.dev] Translation server listening on http://127.0.0.1:60003
2026-01-21T20:01:27.310Z [INFO] [Lingo.dev] WebSocket server initialized
2026-01-21T20:01:29.394Z [INFO] [Lingo.dev] Port 60000 is in use, checking if it's a translation server...
2026-01-21T20:01:29.397Z [INFO] [Lingo.dev] 📥 Received: GET /health
2026-01-21T20:01:29.397Z [INFO] [Lingo.dev] 🔄 Processing: GET /health
2026-01-21T20:01:29.398Z [DEBUG] [Lingo.dev] GET /health
2026-01-21T20:01:29.400Z [WARN] [Lingo.dev] Existing server has different config (hash: 43fc1e0953e5 vs 3f79f55b39df), will start new server
2026-01-21T20:01:29.896Z [INFO] [Lingo.dev] Port 60000 is in use by another service, finding alternative...
2026-01-21T20:01:29.906Z [INFO] [Lingo.dev] 🔧 Initializing translator...
2026-01-21T20:01:29.907Z [DEBUG] [Lingo.dev] Starting translation server on port 60000
2026-01-21T20:01:29.907Z [INFO] [Lingo.dev] Translation server listening on http://127.0.0.1:60000
2026-01-21T20:01:29.908Z [INFO] [Lingo.dev] WebSocket server initialized
2026-01-21T20:01:30.533Z [INFO] [Lingo.dev] Port 60000 is in use, checking if it's a translation server...
2026-01-21T20:01:30.537Z [INFO] [Lingo.dev] 📥 Received: GET /health
2026-01-21T20:01:30.539Z [INFO] [Lingo.dev] 🔄 Processing: GET /health
2026-01-21T20:01:30.541Z [DEBUG] [Lingo.dev] GET /health
2026-01-21T20:01:30.541Z [INFO] [Lingo.dev] ✅ Found existing translation server at http://127.0.0.1:60000, reusing it
2026-01-21T20:01:31.073Z [DEBUG] [Lingo.dev] WebSocket client connected. Total clients: 1
2026-01-21T20:01:43.219Z [DEBUG] [Lingo.dev] WebSocket client disconnected. Total clients: 0
2026-01-21T20:02:02.932Z [INFO] [Lingo.dev] Port 60000 is available, starting new server...
2026-01-21T20:02:03.435Z [INFO] [Lingo.dev] 🔧 Initializing translator...
2026-01-21T20:02:03.450Z [DEBUG] [Lingo.dev] Starting translation server on port 60000
2026-01-21T20:02:03.461Z [INFO] [Lingo.dev] Translation server listening on http://127.0.0.1:60000
2026-01-21T20:02:03.461Z [INFO] [Lingo.dev] WebSocket server initialized
2026-01-21T20:02:04.113Z [INFO] [Lingo.dev] Port 60000 is in use, checking if it's a translation server...
2026-01-21T20:02:04.119Z [INFO] [Lingo.dev] 📥 Received: GET /health
2026-01-21T20:02:04.122Z [INFO] [Lingo.dev] 🔄 Processing: GET /health
2026-01-21T20:02:04.123Z [DEBUG] [Lingo.dev] GET /health
2026-01-21T20:02:04.123Z [INFO] [Lingo.dev] ✅ Found existing translation server at http://127.0.0.1:60000, reusing it
2026-01-21T20:02:30.390Z [INFO] [Lingo.dev] 📥 Received: POST /translations/en
2026-01-21T20:02:30.437Z [INFO] [Lingo.dev] 🔄 Processing: POST /translations/en
2026-01-21T20:02:30.439Z [DEBUG] [Lingo.dev] POST /translations/en
2026-01-21T20:02:30.442Z [DEBUG] [Lingo.dev] Reading request body...
2026-01-21T20:02:30.498Z [DEBUG] [Lingo.dev] Chunk read, body: {"hashes":["1ae47ab62d46","6d014235ee6f","c2e7302936f4"]}
2026-01-21T20:02:30.512Z [DEBUG] [Lingo.dev] Parsed hashes: 1ae47ab62d46,6d014235ee6f,c2e7302936f4
2026-01-21T20:02:30.515Z [DEBUG] [Lingo.dev] Reloaded metadata: 7 entries
2026-01-21T20:02:30.525Z [INFO] [Lingo.dev] 🔄 Translating 3 hashes to en
2026-01-21T20:02:30.527Z [DEBUG] [Lingo.dev] 🔄 Hashes: 1ae47ab62d46, 6d014235ee6f, c2e7302936f4
2026-01-21T20:02:30.528Z [DEBUG] [Lingo.dev] [BUSY] Server is now busy (1 active)
2026-01-21T20:02:30.528Z [INFO] [Lingo.dev] 📥 Received: POST /translations/en
2026-01-21T20:02:30.530Z [INFO] [Lingo.dev] 🔄 Processing: POST /translations/en
2026-01-21T20:02:30.540Z [DEBUG] [Lingo.dev] POST /translations/en
2026-01-21T20:02:30.541Z [DEBUG] [Lingo.dev] Reading request body...
2026-01-21T20:02:30.551Z [DEBUG] [Lingo.dev] Chunk read, body: {"hashes":["1ae47ab62d46","6d014235ee6f","c2e7302936f4"]}
2026-01-21T20:02:30.557Z [DEBUG] [Lingo.dev] Parsed hashes: 1ae47ab62d46,6d014235ee6f,c2e7302936f4
2026-01-21T20:02:30.564Z [DEBUG] [Lingo.dev] Reloaded metadata: 7 entries
2026-01-21T20:02:30.570Z [INFO] [Lingo.dev] 🔄 Translating 3 hashes to en
2026-01-21T20:02:30.575Z [DEBUG] [Lingo.dev] 🔄 Hashes: 1ae47ab62d46, 6d014235ee6f, c2e7302936f4
2026-01-21T20:02:30.825Z [DEBUG] [Lingo.dev] WebSocket client connected. Total clients: 1
2026-01-21T20:02:31.010Z [INFO] [Lingo.dev] 📥 Received: OPTIONS /translations/en
2026-01-21T20:02:31.013Z [INFO] [Lingo.dev] 🔄 Processing: OPTIONS /translations/en
2026-01-21T20:02:31.015Z [DEBUG] [Lingo.dev] OPTIONS /translations/en
2026-01-21T20:02:31.017Z [INFO] [Lingo.dev] 📥 Received: POST /translations/en
2026-01-21T20:02:31.020Z [INFO] [Lingo.dev] 🔄 Processing: POST /translations/en
2026-01-21T20:02:31.021Z [DEBUG] [Lingo.dev] POST /translations/en
2026-01-21T20:02:31.023Z [DEBUG] [Lingo.dev] Reading request body...
2026-01-21T20:02:31.024Z [DEBUG] [Lingo.dev] Chunk read, body: {"hashes":["af0ce7dac903","cc05bd6af03a","7da2b32c8860","99f027ebfab6"]}
2026-01-21T20:02:31.026Z [DEBUG] [Lingo.dev] Parsed hashes: af0ce7dac903,cc05bd6af03a,7da2b32c8860,99f027ebfab6
2026-01-21T20:02:31.027Z [DEBUG] [Lingo.dev] Reloaded metadata: 7 entries
2026-01-21T20:02:31.031Z [INFO] [Lingo.dev] 🔄 Translating 4 hashes to en
2026-01-21T20:02:31.033Z [DEBUG] [Lingo.dev] 🔄 Hashes: af0ce7dac903, cc05bd6af03a, 7da2b32c8860, 99f027ebfab6
2026-01-21T20:02:31.536Z [DEBUG] [Lingo.dev] [IDLE] Server is now idle
2026-01-21T20:02:37.273Z [INFO] [Lingo.dev] 📥 Received: OPTIONS /translations/fr
2026-01-21T20:02:37.275Z [INFO] [Lingo.dev] 🔄 Processing: OPTIONS /translations/fr
2026-01-21T20:02:37.280Z [DEBUG] [Lingo.dev] OPTIONS /translations/fr
2026-01-21T20:02:37.281Z [INFO] [Lingo.dev] 📥 Received: POST /translations/fr
2026-01-21T20:02:37.282Z [INFO] [Lingo.dev] 🔄 Processing: POST /translations/fr
2026-01-21T20:02:37.282Z [DEBUG] [Lingo.dev] POST /translations/fr
2026-01-21T20:02:37.283Z [DEBUG] [Lingo.dev] Reading request body...
2026-01-21T20:02:37.284Z [DEBUG] [Lingo.dev] Chunk read, body: {"hashes":["af0ce7dac903","cc05bd6af03a","7da2b32c8860","99f027ebfab6"]}
2026-01-21T20:02:37.284Z [DEBUG] [Lingo.dev] Parsed hashes: af0ce7dac903,cc05bd6af03a,7da2b32c8860,99f027ebfab6
2026-01-21T20:02:37.285Z [DEBUG] [Lingo.dev] Reloaded metadata: 7 entries
2026-01-21T20:02:37.285Z [INFO] [Lingo.dev] 🔄 Translating 4 hashes to fr
2026-01-21T20:02:37.286Z [DEBUG] [Lingo.dev] 🔄 Hashes: af0ce7dac903, cc05bd6af03a, 7da2b32c8860, 99f027ebfab6
2026-01-21T20:02:37.287Z [DEBUG] [Lingo.dev] [BUSY] Server is now busy (1 active)
2026-01-21T20:02:37.792Z [DEBUG] [Lingo.dev] [IDLE] Server is now idle
